C:\USERS\HENRY\CODEHUB\GPUSVM\PROJECTS\SVMPREDICT\X64\DEBUG\SVM.OBJ
C:\USERS\HENRY\CODEHUB\GPUSVM\PROJECTS\SVMPREDICT\X64\DEBUG\SVM-PREDICT.OBJ
C:\USERS\HENRY\CODEHUB\GPUSVM\PROJECTS\SVMPREDICT\X64\DEBUG\VC110.PDB
C:\Users\Henry\CodeHub\gpusvm\projects\SVMPredict\x64\Debug\svm-predict.obj
C:\Users\Henry\CodeHub\gpusvm\projects\SVMPredict\x64\Debug\svm.obj
C:\Users\Henry\CodeHub\gpusvm\projects\SVMPredict\x64\Debug\cl.command.1.tlog
C:\Users\Henry\CodeHub\gpusvm\projects\SVMPredict\x64\Debug\CL.read.1.tlog
C:\Users\Henry\CodeHub\gpusvm\projects\SVMPredict\x64\Debug\CL.write.1.tlog
C:\Users\Henry\CodeHub\gpusvm\projects\SVMPredict\x64\Debug\link-cvtres.read.1.tlog
C:\Users\Henry\CodeHub\gpusvm\projects\SVMPredict\x64\Debug\link-cvtres.write.1.tlog
C:\Users\Henry\CodeHub\gpusvm\projects\SVMPredict\x64\Debug\link-rc.read.1.tlog
C:\Users\Henry\CodeHub\gpusvm\projects\SVMPredict\x64\Debug\link-rc.write.1.tlog
C:\Users\Henry\CodeHub\gpusvm\projects\SVMPredict\x64\Debug\link.5804-cvtres.read.1.tlog
C:\Users\Henry\CodeHub\gpusvm\projects\SVMPredict\x64\Debug\link.5804-cvtres.write.1.tlog
C:\Users\Henry\CodeHub\gpusvm\projects\SVMPredict\x64\Debug\link.5804-rc.read.1.tlog
C:\Users\Henry\CodeHub\gpusvm\projects\SVMPredict\x64\Debug\link.5804-rc.write.1.tlog
C:\Users\Henry\CodeHub\gpusvm\projects\SVMPredict\x64\Debug\link.5804.read.1.tlog
C:\Users\Henry\CodeHub\gpusvm\projects\SVMPredict\x64\Debug\link.5804.write.1.tlog
C:\Users\Henry\CodeHub\gpusvm\projects\SVMPredict\x64\Debug\link.5888-cvtres.read.1.tlog
C:\Users\Henry\CodeHub\gpusvm\projects\SVMPredict\x64\Debug\link.5888-cvtres.write.1.tlog
C:\Users\Henry\CodeHub\gpusvm\projects\SVMPredict\x64\Debug\link.5888-rc.read.1.tlog
C:\Users\Henry\CodeHub\gpusvm\projects\SVMPredict\x64\Debug\link.5888-rc.write.1.tlog
C:\Users\Henry\CodeHub\gpusvm\projects\SVMPredict\x64\Debug\link.5888.read.1.tlog
C:\Users\Henry\CodeHub\gpusvm\projects\SVMPredict\x64\Debug\link.5888.write.1.tlog
C:\Users\Henry\CodeHub\gpusvm\projects\SVMPredict\x64\Debug\link.command.1.tlog
C:\Users\Henry\CodeHub\gpusvm\projects\SVMPredict\x64\Debug\link.read.1.tlog
C:\Users\Henry\CodeHub\gpusvm\projects\SVMPredict\x64\Debug\link.write.1.tlog
C:\Users\Henry\CodeHub\gpusvm\projects\SVMPredict\x64\Debug\vc110.idb
C:\Users\Henry\CodeHub\gpusvm\projects\SVMPredict\x64\Debug\vc110.pdb
C:\Users\Henry\CodeHub\gpusvm\GPUSVM\x64\Debug\SVMPredict.pdb
