C:\USERS\HENRY\CODEHUB\GPUSVM\PROJECTS\SVMTRAIN\X64\DEBUG\SVM.OBJ
C:\USERS\HENRY\CODEHUB\GPUSVM\PROJECTS\SVMTRAIN\X64\DEBUG\SVM-TRAIN.OBJ
C:\USERS\HENRY\CODEHUB\GPUSVM\PROJECTS\SVMTRAIN\X64\DEBUG\VC110.PDB
C:\USERS\HENRY\CODEHUB\GPUSVM\GPUSVM\X64\DEBUG\SVMTRAIN.ILK
C:\USERS\HENRY\CODEHUB\GPUSVM\GPUSVM\X64\DEBUG\SVMTRAIN.EXE
C:\USERS\HENRY\CODEHUB\GPUSVM\GPUSVM\X64\DEBUG\SVMTRAIN.PDB
C:\Users\Henry\CodeHub\gpusvm\projects\SVMTrain\x64\Debug\svm-train.obj
C:\Users\Henry\CodeHub\gpusvm\projects\SVMTrain\x64\Debug\svm.obj
C:\Users\Henry\CodeHub\gpusvm\projects\SVMTrain\x64\Debug\cl.command.1.tlog
C:\Users\Henry\CodeHub\gpusvm\projects\SVMTrain\x64\Debug\CL.read.1.tlog
C:\Users\Henry\CodeHub\gpusvm\projects\SVMTrain\x64\Debug\CL.write.1.tlog
C:\Users\Henry\CodeHub\gpusvm\projects\SVMTrain\x64\Debug\link-cvtres.read.1.tlog
C:\Users\Henry\CodeHub\gpusvm\projects\SVMTrain\x64\Debug\link-cvtres.write.1.tlog
C:\Users\Henry\CodeHub\gpusvm\projects\SVMTrain\x64\Debug\link-rc.read.1.tlog
C:\Users\Henry\CodeHub\gpusvm\projects\SVMTrain\x64\Debug\link-rc.write.1.tlog
C:\Users\Henry\CodeHub\gpusvm\projects\SVMTrain\x64\Debug\link.command.1.tlog
C:\Users\Henry\CodeHub\gpusvm\projects\SVMTrain\x64\Debug\link.read.1.tlog
C:\Users\Henry\CodeHub\gpusvm\projects\SVMTrain\x64\Debug\link.write.1.tlog
C:\Users\Henry\CodeHub\gpusvm\projects\SVMTrain\x64\Debug\vc110.idb
C:\Users\Henry\CodeHub\gpusvm\projects\SVMTrain\x64\Debug\vc110.pdb
C:\Users\Henry\CodeHub\gpusvm\GPUSVM\x64\Debug\SVMTrain.pdb
C:\Users\Henry\CodeHub\gpusvm\GPUSVM\x64\Debug\SVMTrain.exe
C:\Users\Henry\CodeHub\gpusvm\GPUSVM\x64\Debug\SVMTrain.ilk
